2025-11-23 20:05:00 | WARN | repo=richrates | action=commit
2025-03-05 20:29:00 | WARN | repo=richrates | action=commit
2025-01-01 18:37:00 | INFO | repo=richrates | action=edit | files=4
2025-01-13 19:46:00 | WARN | repo=richrates | action=pull
2025-06-12 21:48:00 | DEBUG | repo=richrates | action=commit
2025-01-19 20:58:00 | DEBUG | repo=richrates | action=commit
2025-03-01 15:21:00 | DEBUG | repo=richrates | action=commit
2025-07-09 19:39:00 | WARN | repo=richrates | action=commit
2025-10-23 07:20:00 | INFO | repo=richrates | action=commit
2025-07-02 11:37:00 | DEBUG | repo=richrates | action=edit | files=5
2025-08-03 07:37:00 | INFO | repo=richrates | action=commit
2025-12-28 07:54:00 | WARN | repo=richrates | action=edit | files=5
2025-05-03 17:09:00 | DEBUG | repo=richrates | action=edit | files=4
2025-05-04 18:27:00 | DEBUG | repo=richrates | action=edit | files=2
2025-03-07 08:39:00 | INFO | repo=richrates | action=commit
2025-03-15 07:26:00 | DEBUG | repo=richrates | action=commit
2025-08-07 13:49:00 | INFO | repo=richrates | action=commit
2025-01-19 10:04:00 | DEBUG | repo=richrates | action=commit
2025-01-24 15:21:00 | DEBUG | repo=richrates | action=commit
2025-01-23 20:49:00 | WARN | repo=richrates | action=commit
2025-10-06 10:35:00 | INFO | repo=richrates | action=commit
2025-12-28 20:29:00 | INFO | repo=richrates | action=commit
2025-11-22 11:17:00 | WARN | repo=richrates | action=test | passed=true
2025-07-26 18:35:00 | INFO | repo=richrates | action=commit
2025-12-10 18:16:00 | WARN | repo=richrates | action=commit
2025-04-27 21:22:00 | DEBUG | repo=richrates | action=commit
2025-01-17 18:34:00 | INFO | repo=richrates | action=test | passed=true
2025-10-19 13:45:00 | INFO | repo=richrates | action=commit
